[2015-02-25 02:57:07] production.ERROR: exception 'InvalidArgumentException' with message 'Command "migrate:migration" is not defined.

Did you mean one of these?
    migrate:reset
    migrate:refresh
    migrate:rollback
    migrate:install
    migrate
    migrate:make
    migrate:publish' in /home/elioth010/PHPWorkspace/carretilla_online/vendor/symfony/console/Symfony/Component/Console/Application.php:564
Stack trace:
#0 /home/elioth010/PHPWorkspace/carretilla_online/vendor/symfony/console/Symfony/Component/Console/Application.php(190): Symfony\Component\Console\Application->find('migrate:migrati...')
#1 /home/elioth010/PHPWorkspace/carretilla_online/vendor/symfony/console/Symfony/Component/Console/Application.php(124): Symfony\Component\Console\Application->doRun(Object(Symfony\Component\Console\Input\ArgvInput), Object(Symfony\Component\Console\Output\ConsoleOutput))
#2 /home/elioth010/PHPWorkspace/carretilla_online/artisan(59): Symfony\Component\Console\Application->run()
#3 {main} [] []
[2015-02-25 02:57:18] production.ERROR: exception 'InvalidArgumentException' with message 'There are no commands defined in the "generate" namespace.' in /home/elioth010/PHPWorkspace/carretilla_online/vendor/symfony/console/Symfony/Component/Console/Application.php:516
Stack trace:
#0 /home/elioth010/PHPWorkspace/carretilla_online/vendor/symfony/console/Symfony/Component/Console/Application.php(550): Symfony\Component\Console\Application->findNamespace('generate')
#1 /home/elioth010/PHPWorkspace/carretilla_online/vendor/symfony/console/Symfony/Component/Console/Application.php(190): Symfony\Component\Console\Application->find('generate:migrat...')
#2 /home/elioth010/PHPWorkspace/carretilla_online/vendor/symfony/console/Symfony/Component/Console/Application.php(124): Symfony\Component\Console\Application->doRun(Object(Symfony\Component\Console\Input\ArgvInput), Object(Symfony\Component\Console\Output\ConsoleOutput))
#3 /home/elioth010/PHPWorkspace/carretilla_online/artisan(59): Symfony\Component\Console\Application->run()
#4 {main} [] []
[2015-02-25 02:57:41] production.ERROR: exception 'Symfony\Component\Debug\Exception\FatalErrorException' with message 'Call to undefined method Illuminate\Database\Schema\Blueprint::int()' in /home/elioth010/PHPWorkspace/carretilla_online/app/database/migrations/2015_02_25_024605_create_user_table.php:34
Stack trace:
#0 [internal function]: Illuminate\Exception\Handler->handleShutdown()
#1 {main} [] []
[2015-02-25 02:58:39] production.ERROR: exception 'Symfony\Component\Debug\Exception\FatalErrorException' with message 'Class 'Migration' not found' in /home/elioth010/PHPWorkspace/carretilla_online/app/database/migrations/2015_02_25_024605_create_user_table.php:6
Stack trace:
#0 [internal function]: Illuminate\Exception\Handler->handleShutdown()
#1 {main} [] []
[2015-02-25 02:58:52] production.ERROR: exception 'InvalidArgumentException' with message 'There are no commands defined in the "generate" namespace.' in /home/elioth010/PHPWorkspace/carretilla_online/vendor/symfony/console/Symfony/Component/Console/Application.php:516
Stack trace:
#0 /home/elioth010/PHPWorkspace/carretilla_online/vendor/symfony/console/Symfony/Component/Console/Application.php(550): Symfony\Component\Console\Application->findNamespace('generate')
#1 /home/elioth010/PHPWorkspace/carretilla_online/vendor/symfony/console/Symfony/Component/Console/Application.php(190): Symfony\Component\Console\Application->find('generate:migrat...')
#2 /home/elioth010/PHPWorkspace/carretilla_online/vendor/symfony/console/Symfony/Component/Console/Application.php(124): Symfony\Component\Console\Application->doRun(Object(Symfony\Component\Console\Input\ArgvInput), Object(Symfony\Component\Console\Output\ConsoleOutput))
#3 /home/elioth010/PHPWorkspace/carretilla_online/artisan(59): Symfony\Component\Console\Application->run()
#4 {main} [] []
[2015-02-25 02:58:59] production.ERROR: exception 'PDOException' with message 'SQLSTATE[42000]: Syntax error or access violation: 1075 Incorrect table definition; there can be only one auto column and it must be defined as a key' in /home/elioth010/PHPWorkspace/carretilla_online/vendor/laravel/framework/src/Illuminate/Database/Connection.php:369
Stack trace:
#0 /home/elioth010/PHPWorkspace/carretilla_online/vendor/laravel/framework/src/Illuminate/Database/Connection.php(369): PDOStatement->execute(Array)
#1 /home/elioth010/PHPWorkspace/carretilla_online/vendor/laravel/framework/src/Illuminate/Database/Connection.php(617): Illuminate\Database\Connection->Illuminate\Database\{closure}(Object(Illuminate\Database\MySqlConnection), 'create table `u...', Array)
#2 /home/elioth010/PHPWorkspace/carretilla_online/vendor/laravel/framework/src/Illuminate/Database/Connection.php(581): Illuminate\Database\Connection->runQueryCallback('create table `u...', Array, Object(Closure))
#3 /home/elioth010/PHPWorkspace/carretilla_online/vendor/laravel/framework/src/Illuminate/Database/Connection.php(370): Illuminate\Database\Connection->run('create table `u...', Array, Object(Closure))
#4 /home/elioth010/PHPWorkspace/carretilla_online/vendor/laravel/framework/src/Illuminate/Database/Schema/Blueprint.php(63): Illuminate\Database\Connection->statement('create table `u...')
#5 /home/elioth010/PHPWorkspace/carretilla_online/vendor/laravel/framework/src/Illuminate/Database/Schema/Builder.php(169): Illuminate\Database\Schema\Blueprint->build(Object(Illuminate\Database\MySqlConnection), Object(Illuminate\Database\Schema\Grammars\MySqlGrammar))
#6 /home/elioth010/PHPWorkspace/carretilla_online/vendor/laravel/framework/src/Illuminate/Database/Schema/Builder.php(112): Illuminate\Database\Schema\Builder->build(Object(Illuminate\Database\Schema\Blueprint))
#7 /home/elioth010/PHPWorkspace/carretilla_online/vendor/laravel/framework/src/Illuminate/Support/Facades/Facade.php(211): Illuminate\Database\Schema\Builder->create('users', Object(Closure))
#8 /home/elioth010/PHPWorkspace/carretilla_online/app/database/migrations/2015_02_25_024605_create_user_table.php(36): Illuminate\Support\Facades\Facade::__callStatic('create', Array)
#9 /home/elioth010/PHPWorkspace/carretilla_online/app/database/migrations/2015_02_25_024605_create_user_table.php(36): Illuminate\Support\Facades\Schema::create('users', Object(Closure))
#10 /home/elioth010/PHPWorkspace/carretilla_online/vendor/laravel/framework/src/Illuminate/Database/Migrations/Migrator.php(135): CreateUserTable->up()
#11 /home/elioth010/PHPWorkspace/carretilla_online/vendor/laravel/framework/src/Illuminate/Database/Migrations/Migrator.php(111): Illuminate\Database\Migrations\Migrator->runUp('2015_02_25_0246...', 1, false)
#12 /home/elioth010/PHPWorkspace/carretilla_online/vendor/laravel/framework/src/Illuminate/Database/Migrations/Migrator.php(82): Illuminate\Database\Migrations\Migrator->runMigrationList(Array, false)
#13 /home/elioth010/PHPWorkspace/carretilla_online/vendor/laravel/framework/src/Illuminate/Database/Console/Migrations/MigrateCommand.php(70): Illuminate\Database\Migrations\Migrator->run('/home/elioth010...', false)
#14 /home/elioth010/PHPWorkspace/carretilla_online/vendor/laravel/framework/src/Illuminate/Console/Command.php(112): Illuminate\Database\Console\Migrations\MigrateCommand->fire()
#15 /home/elioth010/PHPWorkspace/carretilla_online/vendor/symfony/console/Symfony/Component/Console/Command/Command.php(253): Illuminate\Console\Command->execute(Object(Symfony\Component\Console\Input\ArgvInput), Object(Symfony\Component\Console\Output\ConsoleOutput))
#16 /home/elioth010/PHPWorkspace/carretilla_online/vendor/laravel/framework/src/Illuminate/Console/Command.php(100): Symfony\Component\Console\Command\Command->run(Object(Symfony\Component\Console\Input\ArgvInput), Object(Symfony\Component\Console\Output\ConsoleOutput))
#17 /home/elioth010/PHPWorkspace/carretilla_online/vendor/symfony/console/Symfony/Component/Console/Application.php(889): Illuminate\Console\Command->run(Object(Symfony\Component\Console\Input\ArgvInput), Object(Symfony\Component\Console\Output\ConsoleOutput))
#18 /home/elioth010/PHPWorkspace/carretilla_online/vendor/symfony/console/Symfony/Component/Console/Application.php(193): Symfony\Component\Console\Application->doRunCommand(Object(Illuminate\Database\Console\Migrations\MigrateCommand), Object(Symfony\Component\Console\Input\ArgvInput), Object(Symfony\Component\Console\Output\ConsoleOutput))
#19 /home/elioth010/PHPWorkspace/carretilla_online/vendor/symfony/console/Symfony/Component/Console/Application.php(124): Symfony\Component\Console\Application->doRun(Object(Symfony\Component\Console\Input\ArgvInput), Object(Symfony\Component\Console\Output\ConsoleOutput))
#20 /home/elioth010/PHPWorkspace/carretilla_online/artisan(59): Symfony\Component\Console\Application->run()
#21 {main}

Next exception 'Illuminate\Database\QueryException' with message 'SQLSTATE[42000]: Syntax error or access violation: 1075 Incorrect table definition; there can be only one auto column and it must be defined as a key (SQL: create table `users` (`id` int unsigned not null auto_increment primary key, `username` varchar(45) not null, `password` varchar(32) not null, `email` varchar(60) not null, `name` varchar(250) not null, `age` int not null auto_increment primary key, `enabled` int not null auto_increment primary key) default character set utf8 collate utf8_unicode_ci)' in /home/elioth010/PHPWorkspace/carretilla_online/vendor/laravel/framework/src/Illuminate/Database/Connection.php:625
Stack trace:
#0 /home/elioth010/PHPWorkspace/carretilla_online/vendor/laravel/framework/src/Illuminate/Database/Connection.php(581): Illuminate\Database\Connection->runQueryCallback('create table `u...', Array, Object(Closure))
#1 /home/elioth010/PHPWorkspace/carretilla_online/vendor/laravel/framework/src/Illuminate/Database/Connection.php(370): Illuminate\Database\Connection->run('create table `u...', Array, Object(Closure))
#2 /home/elioth010/PHPWorkspace/carretilla_online/vendor/laravel/framework/src/Illuminate/Database/Schema/Blueprint.php(63): Illuminate\Database\Connection->statement('create table `u...')
#3 /home/elioth010/PHPWorkspace/carretilla_online/vendor/laravel/framework/src/Illuminate/Database/Schema/Builder.php(169): Illuminate\Database\Schema\Blueprint->build(Object(Illuminate\Database\MySqlConnection), Object(Illuminate\Database\Schema\Grammars\MySqlGrammar))
#4 /home/elioth010/PHPWorkspace/carretilla_online/vendor/laravel/framework/src/Illuminate/Database/Schema/Builder.php(112): Illuminate\Database\Schema\Builder->build(Object(Illuminate\Database\Schema\Blueprint))
#5 /home/elioth010/PHPWorkspace/carretilla_online/vendor/laravel/framework/src/Illuminate/Support/Facades/Facade.php(211): Illuminate\Database\Schema\Builder->create('users', Object(Closure))
#6 /home/elioth010/PHPWorkspace/carretilla_online/app/database/migrations/2015_02_25_024605_create_user_table.php(36): Illuminate\Support\Facades\Facade::__callStatic('create', Array)
#7 /home/elioth010/PHPWorkspace/carretilla_online/app/database/migrations/2015_02_25_024605_create_user_table.php(36): Illuminate\Support\Facades\Schema::create('users', Object(Closure))
#8 /home/elioth010/PHPWorkspace/carretilla_online/vendor/laravel/framework/src/Illuminate/Database/Migrations/Migrator.php(135): CreateUserTable->up()
#9 /home/elioth010/PHPWorkspace/carretilla_online/vendor/laravel/framework/src/Illuminate/Database/Migrations/Migrator.php(111): Illuminate\Database\Migrations\Migrator->runUp('2015_02_25_0246...', 1, false)
#10 /home/elioth010/PHPWorkspace/carretilla_online/vendor/laravel/framework/src/Illuminate/Database/Migrations/Migrator.php(82): Illuminate\Database\Migrations\Migrator->runMigrationList(Array, false)
#11 /home/elioth010/PHPWorkspace/carretilla_online/vendor/laravel/framework/src/Illuminate/Database/Console/Migrations/MigrateCommand.php(70): Illuminate\Database\Migrations\Migrator->run('/home/elioth010...', false)
#12 /home/elioth010/PHPWorkspace/carretilla_online/vendor/laravel/framework/src/Illuminate/Console/Command.php(112): Illuminate\Database\Console\Migrations\MigrateCommand->fire()
#13 /home/elioth010/PHPWorkspace/carretilla_online/vendor/symfony/console/Symfony/Component/Console/Command/Command.php(253): Illuminate\Console\Command->execute(Object(Symfony\Component\Console\Input\ArgvInput), Object(Symfony\Component\Console\Output\ConsoleOutput))
#14 /home/elioth010/PHPWorkspace/carretilla_online/vendor/laravel/framework/src/Illuminate/Console/Command.php(100): Symfony\Component\Console\Command\Command->run(Object(Symfony\Component\Console\Input\ArgvInput), Object(Symfony\Component\Console\Output\ConsoleOutput))
#15 /home/elioth010/PHPWorkspace/carretilla_online/vendor/symfony/console/Symfony/Component/Console/Application.php(889): Illuminate\Console\Command->run(Object(Symfony\Component\Console\Input\ArgvInput), Object(Symfony\Component\Console\Output\ConsoleOutput))
#16 /home/elioth010/PHPWorkspace/carretilla_online/vendor/symfony/console/Symfony/Component/Console/Application.php(193): Symfony\Component\Console\Application->doRunCommand(Object(Illuminate\Database\Console\Migrations\MigrateCommand), Object(Symfony\Component\Console\Input\ArgvInput), Object(Symfony\Component\Console\Output\ConsoleOutput))
#17 /home/elioth010/PHPWorkspace/carretilla_online/vendor/symfony/console/Symfony/Component/Console/Application.php(124): Symfony\Component\Console\Application->doRun(Object(Symfony\Component\Console\Input\ArgvInput), Object(Symfony\Component\Console\Output\ConsoleOutput))
#18 /home/elioth010/PHPWorkspace/carretilla_online/artisan(59): Symfony\Component\Console\Application->run()
#19 {main} [] []
[2015-02-25 03:01:44] production.ERROR: exception 'PDOException' with message 'SQLSTATE[42000]: Syntax error or access violation: 1075 Incorrect table definition; there can be only one auto column and it must be defined as a key' in /home/elioth010/PHPWorkspace/carretilla_online/vendor/laravel/framework/src/Illuminate/Database/Connection.php:369
Stack trace:
#0 /home/elioth010/PHPWorkspace/carretilla_online/vendor/laravel/framework/src/Illuminate/Database/Connection.php(369): PDOStatement->execute(Array)
#1 /home/elioth010/PHPWorkspace/carretilla_online/vendor/laravel/framework/src/Illuminate/Database/Connection.php(617): Illuminate\Database\Connection->Illuminate\Database\{closure}(Object(Illuminate\Database\MySqlConnection), 'create table `u...', Array)
#2 /home/elioth010/PHPWorkspace/carretilla_online/vendor/laravel/framework/src/Illuminate/Database/Connection.php(581): Illuminate\Database\Connection->runQueryCallback('create table `u...', Array, Object(Closure))
#3 /home/elioth010/PHPWorkspace/carretilla_online/vendor/laravel/framework/src/Illuminate/Database/Connection.php(370): Illuminate\Database\Connection->run('create table `u...', Array, Object(Closure))
#4 /home/elioth010/PHPWorkspace/carretilla_online/vendor/laravel/framework/src/Illuminate/Database/Schema/Blueprint.php(63): Illuminate\Database\Connection->statement('create table `u...')
#5 /home/elioth010/PHPWorkspace/carretilla_online/vendor/laravel/framework/src/Illuminate/Database/Schema/Builder.php(169): Illuminate\Database\Schema\Blueprint->build(Object(Illuminate\Database\MySqlConnection), Object(Illuminate\Database\Schema\Grammars\MySqlGrammar))
#6 /home/elioth010/PHPWorkspace/carretilla_online/vendor/laravel/framework/src/Illuminate/Database/Schema/Builder.php(112): Illuminate\Database\Schema\Builder->build(Object(Illuminate\Database\Schema\Blueprint))
#7 /home/elioth010/PHPWorkspace/carretilla_online/vendor/laravel/framework/src/Illuminate/Support/Facades/Facade.php(211): Illuminate\Database\Schema\Builder->create('users', Object(Closure))
#8 /home/elioth010/PHPWorkspace/carretilla_online/app/database/migrations/2015_02_25_024605_create_user_table.php(36): Illuminate\Support\Facades\Facade::__callStatic('create', Array)
#9 /home/elioth010/PHPWorkspace/carretilla_online/app/database/migrations/2015_02_25_024605_create_user_table.php(36): Illuminate\Support\Facades\Schema::create('users', Object(Closure))
#10 /home/elioth010/PHPWorkspace/carretilla_online/vendor/laravel/framework/src/Illuminate/Database/Migrations/Migrator.php(135): CreateUserTable->up()
#11 /home/elioth010/PHPWorkspace/carretilla_online/vendor/laravel/framework/src/Illuminate/Database/Migrations/Migrator.php(111): Illuminate\Database\Migrations\Migrator->runUp('2015_02_25_0246...', 1, false)
#12 /home/elioth010/PHPWorkspace/carretilla_online/vendor/laravel/framework/src/Illuminate/Database/Migrations/Migrator.php(82): Illuminate\Database\Migrations\Migrator->runMigrationList(Array, false)
#13 /home/elioth010/PHPWorkspace/carretilla_online/vendor/laravel/framework/src/Illuminate/Database/Console/Migrations/MigrateCommand.php(70): Illuminate\Database\Migrations\Migrator->run('/home/elioth010...', false)
#14 /home/elioth010/PHPWorkspace/carretilla_online/vendor/laravel/framework/src/Illuminate/Console/Command.php(112): Illuminate\Database\Console\Migrations\MigrateCommand->fire()
#15 /home/elioth010/PHPWorkspace/carretilla_online/vendor/symfony/console/Symfony/Component/Console/Command/Command.php(253): Illuminate\Console\Command->execute(Object(Symfony\Component\Console\Input\ArgvInput), Object(Symfony\Component\Console\Output\ConsoleOutput))
#16 /home/elioth010/PHPWorkspace/carretilla_online/vendor/laravel/framework/src/Illuminate/Console/Command.php(100): Symfony\Component\Console\Command\Command->run(Object(Symfony\Component\Console\Input\ArgvInput), Object(Symfony\Component\Console\Output\ConsoleOutput))
#17 /home/elioth010/PHPWorkspace/carretilla_online/vendor/symfony/console/Symfony/Component/Console/Application.php(889): Illuminate\Console\Command->run(Object(Symfony\Component\Console\Input\ArgvInput), Object(Symfony\Component\Console\Output\ConsoleOutput))
#18 /home/elioth010/PHPWorkspace/carretilla_online/vendor/symfony/console/Symfony/Component/Console/Application.php(193): Symfony\Component\Console\Application->doRunCommand(Object(Illuminate\Database\Console\Migrations\MigrateCommand), Object(Symfony\Component\Console\Input\ArgvInput), Object(Symfony\Component\Console\Output\ConsoleOutput))
#19 /home/elioth010/PHPWorkspace/carretilla_online/vendor/symfony/console/Symfony/Component/Console/Application.php(124): Symfony\Component\Console\Application->doRun(Object(Symfony\Component\Console\Input\ArgvInput), Object(Symfony\Component\Console\Output\ConsoleOutput))
#20 /home/elioth010/PHPWorkspace/carretilla_online/artisan(59): Symfony\Component\Console\Application->run()
#21 {main}

Next exception 'Illuminate\Database\QueryException' with message 'SQLSTATE[42000]: Syntax error or access violation: 1075 Incorrect table definition; there can be only one auto column and it must be defined as a key (SQL: create table `users` (`id` int unsigned not null auto_increment primary key, `username` varchar(45) not null, `password` varchar(32) not null, `email` varchar(60) not null, `name` varchar(250) not null, `age` int not null auto_increment primary key, `enabled` int not null auto_increment primary key) default character set utf8 collate utf8_unicode_ci)' in /home/elioth010/PHPWorkspace/carretilla_online/vendor/laravel/framework/src/Illuminate/Database/Connection.php:625
Stack trace:
#0 /home/elioth010/PHPWorkspace/carretilla_online/vendor/laravel/framework/src/Illuminate/Database/Connection.php(581): Illuminate\Database\Connection->runQueryCallback('create table `u...', Array, Object(Closure))
#1 /home/elioth010/PHPWorkspace/carretilla_online/vendor/laravel/framework/src/Illuminate/Database/Connection.php(370): Illuminate\Database\Connection->run('create table `u...', Array, Object(Closure))
#2 /home/elioth010/PHPWorkspace/carretilla_online/vendor/laravel/framework/src/Illuminate/Database/Schema/Blueprint.php(63): Illuminate\Database\Connection->statement('create table `u...')
#3 /home/elioth010/PHPWorkspace/carretilla_online/vendor/laravel/framework/src/Illuminate/Database/Schema/Builder.php(169): Illuminate\Database\Schema\Blueprint->build(Object(Illuminate\Database\MySqlConnection), Object(Illuminate\Database\Schema\Grammars\MySqlGrammar))
#4 /home/elioth010/PHPWorkspace/carretilla_online/vendor/laravel/framework/src/Illuminate/Database/Schema/Builder.php(112): Illuminate\Database\Schema\Builder->build(Object(Illuminate\Database\Schema\Blueprint))
#5 /home/elioth010/PHPWorkspace/carretilla_online/vendor/laravel/framework/src/Illuminate/Support/Facades/Facade.php(211): Illuminate\Database\Schema\Builder->create('users', Object(Closure))
#6 /home/elioth010/PHPWorkspace/carretilla_online/app/database/migrations/2015_02_25_024605_create_user_table.php(36): Illuminate\Support\Facades\Facade::__callStatic('create', Array)
#7 /home/elioth010/PHPWorkspace/carretilla_online/app/database/migrations/2015_02_25_024605_create_user_table.php(36): Illuminate\Support\Facades\Schema::create('users', Object(Closure))
#8 /home/elioth010/PHPWorkspace/carretilla_online/vendor/laravel/framework/src/Illuminate/Database/Migrations/Migrator.php(135): CreateUserTable->up()
#9 /home/elioth010/PHPWorkspace/carretilla_online/vendor/laravel/framework/src/Illuminate/Database/Migrations/Migrator.php(111): Illuminate\Database\Migrations\Migrator->runUp('2015_02_25_0246...', 1, false)
#10 /home/elioth010/PHPWorkspace/carretilla_online/vendor/laravel/framework/src/Illuminate/Database/Migrations/Migrator.php(82): Illuminate\Database\Migrations\Migrator->runMigrationList(Array, false)
#11 /home/elioth010/PHPWorkspace/carretilla_online/vendor/laravel/framework/src/Illuminate/Database/Console/Migrations/MigrateCommand.php(70): Illuminate\Database\Migrations\Migrator->run('/home/elioth010...', false)
#12 /home/elioth010/PHPWorkspace/carretilla_online/vendor/laravel/framework/src/Illuminate/Console/Command.php(112): Illuminate\Database\Console\Migrations\MigrateCommand->fire()
#13 /home/elioth010/PHPWorkspace/carretilla_online/vendor/symfony/console/Symfony/Component/Console/Command/Command.php(253): Illuminate\Console\Command->execute(Object(Symfony\Component\Console\Input\ArgvInput), Object(Symfony\Component\Console\Output\ConsoleOutput))
#14 /home/elioth010/PHPWorkspace/carretilla_online/vendor/laravel/framework/src/Illuminate/Console/Command.php(100): Symfony\Component\Console\Command\Command->run(Object(Symfony\Component\Console\Input\ArgvInput), Object(Symfony\Component\Console\Output\ConsoleOutput))
#15 /home/elioth010/PHPWorkspace/carretilla_online/vendor/symfony/console/Symfony/Component/Console/Application.php(889): Illuminate\Console\Command->run(Object(Symfony\Component\Console\Input\ArgvInput), Object(Symfony\Component\Console\Output\ConsoleOutput))
#16 /home/elioth010/PHPWorkspace/carretilla_online/vendor/symfony/console/Symfony/Component/Console/Application.php(193): Symfony\Component\Console\Application->doRunCommand(Object(Illuminate\Database\Console\Migrations\MigrateCommand), Object(Symfony\Component\Console\Input\ArgvInput), Object(Symfony\Component\Console\Output\ConsoleOutput))
#17 /home/elioth010/PHPWorkspace/carretilla_online/vendor/symfony/console/Symfony/Component/Console/Application.php(124): Symfony\Component\Console\Application->doRun(Object(Symfony\Component\Console\Input\ArgvInput), Object(Symfony\Component\Console\Output\ConsoleOutput))
#18 /home/elioth010/PHPWorkspace/carretilla_online/artisan(59): Symfony\Component\Console\Application->run()
#19 {main} [] []
[2015-02-25 03:02:43] production.ERROR: exception 'PDOException' with message 'SQLSTATE[42000]: Syntax error or access violation: 1075 Incorrect table definition; there can be only one auto column and it must be defined as a key' in /home/elioth010/PHPWorkspace/carretilla_online/vendor/laravel/framework/src/Illuminate/Database/Connection.php:369
Stack trace:
#0 /home/elioth010/PHPWorkspace/carretilla_online/vendor/laravel/framework/src/Illuminate/Database/Connection.php(369): PDOStatement->execute(Array)
#1 /home/elioth010/PHPWorkspace/carretilla_online/vendor/laravel/framework/src/Illuminate/Database/Connection.php(617): Illuminate\Database\Connection->Illuminate\Database\{closure}(Object(Illuminate\Database\MySqlConnection), 'create table `u...', Array)
#2 /home/elioth010/PHPWorkspace/carretilla_online/vendor/laravel/framework/src/Illuminate/Database/Connection.php(581): Illuminate\Database\Connection->runQueryCallback('create table `u...', Array, Object(Closure))
#3 /home/elioth010/PHPWorkspace/carretilla_online/vendor/laravel/framework/src/Illuminate/Database/Connection.php(370): Illuminate\Database\Connection->run('create table `u...', Array, Object(Closure))
#4 /home/elioth010/PHPWorkspace/carretilla_online/vendor/laravel/framework/src/Illuminate/Database/Schema/Blueprint.php(63): Illuminate\Database\Connection->statement('create table `u...')
#5 /home/elioth010/PHPWorkspace/carretilla_online/vendor/laravel/framework/src/Illuminate/Database/Schema/Builder.php(169): Illuminate\Database\Schema\Blueprint->build(Object(Illuminate\Database\MySqlConnection), Object(Illuminate\Database\Schema\Grammars\MySqlGrammar))
#6 /home/elioth010/PHPWorkspace/carretilla_online/vendor/laravel/framework/src/Illuminate/Database/Schema/Builder.php(112): Illuminate\Database\Schema\Builder->build(Object(Illuminate\Database\Schema\Blueprint))
#7 /home/elioth010/PHPWorkspace/carretilla_online/vendor/laravel/framework/src/Illuminate/Support/Facades/Facade.php(211): Illuminate\Database\Schema\Builder->create('users', Object(Closure))
#8 /home/elioth010/PHPWorkspace/carretilla_online/app/database/migrations/2015_02_25_024605_create_user_table.php(36): Illuminate\Support\Facades\Facade::__callStatic('create', Array)
#9 /home/elioth010/PHPWorkspace/carretilla_online/app/database/migrations/2015_02_25_024605_create_user_table.php(36): Illuminate\Support\Facades\Schema::create('users', Object(Closure))
#10 /home/elioth010/PHPWorkspace/carretilla_online/vendor/laravel/framework/src/Illuminate/Database/Migrations/Migrator.php(135): CreateUserTable->up()
#11 /home/elioth010/PHPWorkspace/carretilla_online/vendor/laravel/framework/src/Illuminate/Database/Migrations/Migrator.php(111): Illuminate\Database\Migrations\Migrator->runUp('2015_02_25_0246...', 1, false)
#12 /home/elioth010/PHPWorkspace/carretilla_online/vendor/laravel/framework/src/Illuminate/Database/Migrations/Migrator.php(82): Illuminate\Database\Migrations\Migrator->runMigrationList(Array, false)
#13 /home/elioth010/PHPWorkspace/carretilla_online/vendor/laravel/framework/src/Illuminate/Database/Console/Migrations/MigrateCommand.php(70): Illuminate\Database\Migrations\Migrator->run('/home/elioth010...', false)
#14 /home/elioth010/PHPWorkspace/carretilla_online/vendor/laravel/framework/src/Illuminate/Console/Command.php(112): Illuminate\Database\Console\Migrations\MigrateCommand->fire()
#15 /home/elioth010/PHPWorkspace/carretilla_online/vendor/symfony/console/Symfony/Component/Console/Command/Command.php(253): Illuminate\Console\Command->execute(Object(Symfony\Component\Console\Input\ArgvInput), Object(Symfony\Component\Console\Output\ConsoleOutput))
#16 /home/elioth010/PHPWorkspace/carretilla_online/vendor/laravel/framework/src/Illuminate/Console/Command.php(100): Symfony\Component\Console\Command\Command->run(Object(Symfony\Component\Console\Input\ArgvInput), Object(Symfony\Component\Console\Output\ConsoleOutput))
#17 /home/elioth010/PHPWorkspace/carretilla_online/vendor/symfony/console/Symfony/Component/Console/Application.php(889): Illuminate\Console\Command->run(Object(Symfony\Component\Console\Input\ArgvInput), Object(Symfony\Component\Console\Output\ConsoleOutput))
#18 /home/elioth010/PHPWorkspace/carretilla_online/vendor/symfony/console/Symfony/Component/Console/Application.php(193): Symfony\Component\Console\Application->doRunCommand(Object(Illuminate\Database\Console\Migrations\MigrateCommand), Object(Symfony\Component\Console\Input\ArgvInput), Object(Symfony\Component\Console\Output\ConsoleOutput))
#19 /home/elioth010/PHPWorkspace/carretilla_online/vendor/symfony/console/Symfony/Component/Console/Application.php(124): Symfony\Component\Console\Application->doRun(Object(Symfony\Component\Console\Input\ArgvInput), Object(Symfony\Component\Console\Output\ConsoleOutput))
#20 /home/elioth010/PHPWorkspace/carretilla_online/artisan(59): Symfony\Component\Console\Application->run()
#21 {main}

Next exception 'Illuminate\Database\QueryException' with message 'SQLSTATE[42000]: Syntax error or access violation: 1075 Incorrect table definition; there can be only one auto column and it must be defined as a key (SQL: create table `users` (`id` int unsigned not null auto_increment primary key, `username` varchar(45) not null, `password` varchar(32) not null, `email` varchar(60) not null, `name` varchar(250) not null, `age` int not null auto_increment primary key, `enabled` int not null auto_increment primary key) default character set utf8 collate utf8_unicode_ci)' in /home/elioth010/PHPWorkspace/carretilla_online/vendor/laravel/framework/src/Illuminate/Database/Connection.php:625
Stack trace:
#0 /home/elioth010/PHPWorkspace/carretilla_online/vendor/laravel/framework/src/Illuminate/Database/Connection.php(581): Illuminate\Database\Connection->runQueryCallback('create table `u...', Array, Object(Closure))
#1 /home/elioth010/PHPWorkspace/carretilla_online/vendor/laravel/framework/src/Illuminate/Database/Connection.php(370): Illuminate\Database\Connection->run('create table `u...', Array, Object(Closure))
#2 /home/elioth010/PHPWorkspace/carretilla_online/vendor/laravel/framework/src/Illuminate/Database/Schema/Blueprint.php(63): Illuminate\Database\Connection->statement('create table `u...')
#3 /home/elioth010/PHPWorkspace/carretilla_online/vendor/laravel/framework/src/Illuminate/Database/Schema/Builder.php(169): Illuminate\Database\Schema\Blueprint->build(Object(Illuminate\Database\MySqlConnection), Object(Illuminate\Database\Schema\Grammars\MySqlGrammar))
#4 /home/elioth010/PHPWorkspace/carretilla_online/vendor/laravel/framework/src/Illuminate/Database/Schema/Builder.php(112): Illuminate\Database\Schema\Builder->build(Object(Illuminate\Database\Schema\Blueprint))
#5 /home/elioth010/PHPWorkspace/carretilla_online/vendor/laravel/framework/src/Illuminate/Support/Facades/Facade.php(211): Illuminate\Database\Schema\Builder->create('users', Object(Closure))
#6 /home/elioth010/PHPWorkspace/carretilla_online/app/database/migrations/2015_02_25_024605_create_user_table.php(36): Illuminate\Support\Facades\Facade::__callStatic('create', Array)
#7 /home/elioth010/PHPWorkspace/carretilla_online/app/database/migrations/2015_02_25_024605_create_user_table.php(36): Illuminate\Support\Facades\Schema::create('users', Object(Closure))
#8 /home/elioth010/PHPWorkspace/carretilla_online/vendor/laravel/framework/src/Illuminate/Database/Migrations/Migrator.php(135): CreateUserTable->up()
#9 /home/elioth010/PHPWorkspace/carretilla_online/vendor/laravel/framework/src/Illuminate/Database/Migrations/Migrator.php(111): Illuminate\Database\Migrations\Migrator->runUp('2015_02_25_0246...', 1, false)
#10 /home/elioth010/PHPWorkspace/carretilla_online/vendor/laravel/framework/src/Illuminate/Database/Migrations/Migrator.php(82): Illuminate\Database\Migrations\Migrator->runMigrationList(Array, false)
#11 /home/elioth010/PHPWorkspace/carretilla_online/vendor/laravel/framework/src/Illuminate/Database/Console/Migrations/MigrateCommand.php(70): Illuminate\Database\Migrations\Migrator->run('/home/elioth010...', false)
#12 /home/elioth010/PHPWorkspace/carretilla_online/vendor/laravel/framework/src/Illuminate/Console/Command.php(112): Illuminate\Database\Console\Migrations\MigrateCommand->fire()
#13 /home/elioth010/PHPWorkspace/carretilla_online/vendor/symfony/console/Symfony/Component/Console/Command/Command.php(253): Illuminate\Console\Command->execute(Object(Symfony\Component\Console\Input\ArgvInput), Object(Symfony\Component\Console\Output\ConsoleOutput))
#14 /home/elioth010/PHPWorkspace/carretilla_online/vendor/laravel/framework/src/Illuminate/Console/Command.php(100): Symfony\Component\Console\Command\Command->run(Object(Symfony\Component\Console\Input\ArgvInput), Object(Symfony\Component\Console\Output\ConsoleOutput))
#15 /home/elioth010/PHPWorkspace/carretilla_online/vendor/symfony/console/Symfony/Component/Console/Application.php(889): Illuminate\Console\Command->run(Object(Symfony\Component\Console\Input\ArgvInput), Object(Symfony\Component\Console\Output\ConsoleOutput))
#16 /home/elioth010/PHPWorkspace/carretilla_online/vendor/symfony/console/Symfony/Component/Console/Application.php(193): Symfony\Component\Console\Application->doRunCommand(Object(Illuminate\Database\Console\Migrations\MigrateCommand), Object(Symfony\Component\Console\Input\ArgvInput), Object(Symfony\Component\Console\Output\ConsoleOutput))
#17 /home/elioth010/PHPWorkspace/carretilla_online/vendor/symfony/console/Symfony/Component/Console/Application.php(124): Symfony\Component\Console\Application->doRun(Object(Symfony\Component\Console\Input\ArgvInput), Object(Symfony\Component\Console\Output\ConsoleOutput))
#18 /home/elioth010/PHPWorkspace/carretilla_online/artisan(59): Symfony\Component\Console\Application->run()
#19 {main} [] []
[2015-02-26 16:02:51] production.ERROR: exception 'ErrorException' with message 'call_user_func_array() expects parameter 1 to be a valid callback, no array or string given' in /home/elioth010/PHPWorkspace/carretilla_online/vendor/laravel/framework/src/Illuminate/Routing/Route.php:109
Stack trace:
#0 [internal function]: Illuminate\Exception\Handler->handleError(2, 'call_user_func_...', '/home/elioth010...', 109, Array)
#1 /home/elioth010/PHPWorkspace/carretilla_online/vendor/laravel/framework/src/Illuminate/Routing/Route.php(109): call_user_func_array(NULL, Array)
#2 /home/elioth010/PHPWorkspace/carretilla_online/vendor/laravel/framework/src/Illuminate/Routing/Router.php(1033): Illuminate\Routing\Route->run(Object(Illuminate\Http\Request))
#3 /home/elioth010/PHPWorkspace/carretilla_online/vendor/laravel/framework/src/Illuminate/Routing/Router.php(1001): Illuminate\Routing\Router->dispatchToRoute(Object(Illuminate\Http\Request))
#4 /home/elioth010/PHPWorkspace/carretilla_online/vendor/laravel/framework/src/Illuminate/Foundation/Application.php(775): Illuminate\Routing\Router->dispatch(Object(Illuminate\Http\Request))
#5 /home/elioth010/PHPWorkspace/carretilla_online/vendor/laravel/framework/src/Illuminate/Foundation/Application.php(745): Illuminate\Foundation\Application->dispatch(Object(Illuminate\Http\Request))
#6 /home/elioth010/PHPWorkspace/carretilla_online/vendor/laravel/framework/src/Illuminate/Session/Middleware.php(72): Illuminate\Foundation\Application->handle(Object(Illuminate\Http\Request), 1, true)
#7 /home/elioth010/PHPWorkspace/carretilla_online/vendor/laravel/framework/src/Illuminate/Cookie/Queue.php(47): Illuminate\Session\Middleware->handle(Object(Illuminate\Http\Request), 1, true)
#8 /home/elioth010/PHPWorkspace/carretilla_online/vendor/laravel/framework/src/Illuminate/Cookie/Guard.php(51): Illuminate\Cookie\Queue->handle(Object(Illuminate\Http\Request), 1, true)
#9 /home/elioth010/PHPWorkspace/carretilla_online/vendor/stack/builder/src/Stack/StackedHttpKernel.php(23): Illuminate\Cookie\Guard->handle(Object(Illuminate\Http\Request), 1, true)
#10 /home/elioth010/PHPWorkspace/carretilla_online/vendor/laravel/framework/src/Illuminate/Foundation/Application.php(641): Stack\StackedHttpKernel->handle(Object(Illuminate\Http\Request))
#11 /home/elioth010/PHPWorkspace/carretilla_online/public/index.php(49): Illuminate\Foundation\Application->run()
#12 {main} [] []
[2015-02-26 16:05:55] production.ERROR: exception 'Symfony\Component\Debug\Exception\FatalErrorException' with message 'Trait 'UserTrait' not found' in /home/elioth010/PHPWorkspace/carretilla_online/app/models/User.php:5
Stack trace:
#0 [internal function]: Illuminate\Exception\Handler->handleShutdown()
#1 {main} [] []
[2015-02-28 03:43:58] production.ERROR: exception 'BadMethodCallException' with message 'Method [hello] does not exist.' in /home/amorales/Documents/Projects/carretilla_online/vendor/laravel/framework/src/Illuminate/Routing/Controller.php:268
Stack trace:
#0 [internal function]: Illuminate\Routing\Controller->__call('hello', Array)
#1 [internal function]: HomeController->hello()
#2 /home/amorales/Documents/Projects/carretilla_online/vendor/laravel/framework/src/Illuminate/Routing/Controller.php(231): call_user_func_array(Array, Array)
#3 /home/amorales/Documents/Projects/carretilla_online/vendor/laravel/framework/src/Illuminate/Routing/ControllerDispatcher.php(93): Illuminate\Routing\Controller->callAction('hello', Array)
#4 /home/amorales/Documents/Projects/carretilla_online/vendor/laravel/framework/src/Illuminate/Routing/ControllerDispatcher.php(62): Illuminate\Routing\ControllerDispatcher->call(Object(HomeController), Object(Illuminate\Routing\Route), 'hello')
#5 /home/amorales/Documents/Projects/carretilla_online/vendor/laravel/framework/src/Illuminate/Routing/Router.php(967): Illuminate\Routing\ControllerDispatcher->dispatch(Object(Illuminate\Routing\Route), Object(Illuminate\Http\Request), 'HomeController', 'hello')
#6 [internal function]: Illuminate\Routing\Router->Illuminate\Routing\{closure}()
#7 /home/amorales/Documents/Projects/carretilla_online/vendor/laravel/framework/src/Illuminate/Routing/Route.php(109): call_user_func_array(Object(Closure), Array)
#8 /home/amorales/Documents/Projects/carretilla_online/vendor/laravel/framework/src/Illuminate/Routing/Router.php(1033): Illuminate\Routing\Route->run(Object(Illuminate\Http\Request))
#9 /home/amorales/Documents/Projects/carretilla_online/vendor/laravel/framework/src/Illuminate/Routing/Router.php(1001): Illuminate\Routing\Router->dispatchToRoute(Object(Illuminate\Http\Request))
#10 /home/amorales/Documents/Projects/carretilla_online/vendor/laravel/framework/src/Illuminate/Foundation/Application.php(775): Illuminate\Routing\Router->dispatch(Object(Illuminate\Http\Request))
#11 /home/amorales/Documents/Projects/carretilla_online/vendor/laravel/framework/src/Illuminate/Foundation/Application.php(745): Illuminate\Foundation\Application->dispatch(Object(Illuminate\Http\Request))
#12 /home/amorales/Documents/Projects/carretilla_online/vendor/laravel/framework/src/Illuminate/Session/Middleware.php(72): Illuminate\Foundation\Application->handle(Object(Illuminate\Http\Request), 1, true)
#13 /home/amorales/Documents/Projects/carretilla_online/vendor/laravel/framework/src/Illuminate/Cookie/Queue.php(47): Illuminate\Session\Middleware->handle(Object(Illuminate\Http\Request), 1, true)
#14 /home/amorales/Documents/Projects/carretilla_online/vendor/laravel/framework/src/Illuminate/Cookie/Guard.php(51): Illuminate\Cookie\Queue->handle(Object(Illuminate\Http\Request), 1, true)
#15 /home/amorales/Documents/Projects/carretilla_online/vendor/stack/builder/src/Stack/StackedHttpKernel.php(23): Illuminate\Cookie\Guard->handle(Object(Illuminate\Http\Request), 1, true)
#16 /home/amorales/Documents/Projects/carretilla_online/vendor/laravel/framework/src/Illuminate/Foundation/Application.php(641): Stack\StackedHttpKernel->handle(Object(Illuminate\Http\Request))
#17 /home/amorales/Documents/Projects/carretilla_online/public/index.php(49): Illuminate\Foundation\Application->run()
#18 {main} [] []
[2015-03-03 03:11:31] production.ERROR: exception 'Symfony\Component\HttpKernel\Exception\NotFoundHttpException' in /home/amorales/Documents/Projects/carretilla_online/vendor/laravel/framework/src/Illuminate/Routing/RouteCollection.php:148
Stack trace:
#0 /home/amorales/Documents/Projects/carretilla_online/vendor/laravel/framework/src/Illuminate/Routing/Router.php(1054): Illuminate\Routing\RouteCollection->match(Object(Illuminate\Http\Request))
#1 /home/amorales/Documents/Projects/carretilla_online/vendor/laravel/framework/src/Illuminate/Routing/Router.php(1022): Illuminate\Routing\Router->findRoute(Object(Illuminate\Http\Request))
#2 /home/amorales/Documents/Projects/carretilla_online/vendor/laravel/framework/src/Illuminate/Routing/Router.php(1001): Illuminate\Routing\Router->dispatchToRoute(Object(Illuminate\Http\Request))
#3 /home/amorales/Documents/Projects/carretilla_online/vendor/laravel/framework/src/Illuminate/Foundation/Application.php(775): Illuminate\Routing\Router->dispatch(Object(Illuminate\Http\Request))
#4 /home/amorales/Documents/Projects/carretilla_online/vendor/laravel/framework/src/Illuminate/Foundation/Application.php(745): Illuminate\Foundation\Application->dispatch(Object(Illuminate\Http\Request))
#5 /home/amorales/Documents/Projects/carretilla_online/vendor/laravel/framework/src/Illuminate/Session/Middleware.php(72): Illuminate\Foundation\Application->handle(Object(Illuminate\Http\Request), 1, true)
#6 /home/amorales/Documents/Projects/carretilla_online/vendor/laravel/framework/src/Illuminate/Cookie/Queue.php(47): Illuminate\Session\Middleware->handle(Object(Illuminate\Http\Request), 1, true)
#7 /home/amorales/Documents/Projects/carretilla_online/vendor/laravel/framework/src/Illuminate/Cookie/Guard.php(51): Illuminate\Cookie\Queue->handle(Object(Illuminate\Http\Request), 1, true)
#8 /home/amorales/Documents/Projects/carretilla_online/vendor/stack/builder/src/Stack/StackedHttpKernel.php(23): Illuminate\Cookie\Guard->handle(Object(Illuminate\Http\Request), 1, true)
#9 /home/amorales/Documents/Projects/carretilla_online/vendor/laravel/framework/src/Illuminate/Foundation/Application.php(641): Stack\StackedHttpKernel->handle(Object(Illuminate\Http\Request))
#10 /home/amorales/Documents/Projects/carretilla_online/public/index.php(49): Illuminate\Foundation\Application->run()
#11 {main} [] []
[2015-03-03 03:12:07] production.ERROR: exception 'Symfony\Component\HttpKernel\Exception\NotFoundHttpException' in /home/amorales/Documents/Projects/carretilla_online/vendor/laravel/framework/src/Illuminate/Routing/RouteCollection.php:148
Stack trace:
#0 /home/amorales/Documents/Projects/carretilla_online/vendor/laravel/framework/src/Illuminate/Routing/Router.php(1054): Illuminate\Routing\RouteCollection->match(Object(Illuminate\Http\Request))
#1 /home/amorales/Documents/Projects/carretilla_online/vendor/laravel/framework/src/Illuminate/Routing/Router.php(1022): Illuminate\Routing\Router->findRoute(Object(Illuminate\Http\Request))
#2 /home/amorales/Documents/Projects/carretilla_online/vendor/laravel/framework/src/Illuminate/Routing/Router.php(1001): Illuminate\Routing\Router->dispatchToRoute(Object(Illuminate\Http\Request))
#3 /home/amorales/Documents/Projects/carretilla_online/vendor/laravel/framework/src/Illuminate/Foundation/Application.php(775): Illuminate\Routing\Router->dispatch(Object(Illuminate\Http\Request))
#4 /home/amorales/Documents/Projects/carretilla_online/vendor/laravel/framework/src/Illuminate/Foundation/Application.php(745): Illuminate\Foundation\Application->dispatch(Object(Illuminate\Http\Request))
#5 /home/amorales/Documents/Projects/carretilla_online/vendor/laravel/framework/src/Illuminate/Session/Middleware.php(72): Illuminate\Foundation\Application->handle(Object(Illuminate\Http\Request), 1, true)
#6 /home/amorales/Documents/Projects/carretilla_online/vendor/laravel/framework/src/Illuminate/Cookie/Queue.php(47): Illuminate\Session\Middleware->handle(Object(Illuminate\Http\Request), 1, true)
#7 /home/amorales/Documents/Projects/carretilla_online/vendor/laravel/framework/src/Illuminate/Cookie/Guard.php(51): Illuminate\Cookie\Queue->handle(Object(Illuminate\Http\Request), 1, true)
#8 /home/amorales/Documents/Projects/carretilla_online/vendor/stack/builder/src/Stack/StackedHttpKernel.php(23): Illuminate\Cookie\Guard->handle(Object(Illuminate\Http\Request), 1, true)
#9 /home/amorales/Documents/Projects/carretilla_online/vendor/laravel/framework/src/Illuminate/Foundation/Application.php(641): Stack\StackedHttpKernel->handle(Object(Illuminate\Http\Request))
#10 /home/amorales/Documents/Projects/carretilla_online/public/index.php(49): Illuminate\Foundation\Application->run()
#11 {main} [] []
[2015-03-03 03:12:10] production.ERROR: exception 'Symfony\Component\HttpKernel\Exception\NotFoundHttpException' in /home/amorales/Documents/Projects/carretilla_online/vendor/laravel/framework/src/Illuminate/Routing/RouteCollection.php:148
Stack trace:
#0 /home/amorales/Documents/Projects/carretilla_online/vendor/laravel/framework/src/Illuminate/Routing/Router.php(1054): Illuminate\Routing\RouteCollection->match(Object(Illuminate\Http\Request))
#1 /home/amorales/Documents/Projects/carretilla_online/vendor/laravel/framework/src/Illuminate/Routing/Router.php(1022): Illuminate\Routing\Router->findRoute(Object(Illuminate\Http\Request))
#2 /home/amorales/Documents/Projects/carretilla_online/vendor/laravel/framework/src/Illuminate/Routing/Router.php(1001): Illuminate\Routing\Router->dispatchToRoute(Object(Illuminate\Http\Request))
#3 /home/amorales/Documents/Projects/carretilla_online/vendor/laravel/framework/src/Illuminate/Foundation/Application.php(775): Illuminate\Routing\Router->dispatch(Object(Illuminate\Http\Request))
#4 /home/amorales/Documents/Projects/carretilla_online/vendor/laravel/framework/src/Illuminate/Foundation/Application.php(745): Illuminate\Foundation\Application->dispatch(Object(Illuminate\Http\Request))
#5 /home/amorales/Documents/Projects/carretilla_online/vendor/laravel/framework/src/Illuminate/Session/Middleware.php(72): Illuminate\Foundation\Application->handle(Object(Illuminate\Http\Request), 1, true)
#6 /home/amorales/Documents/Projects/carretilla_online/vendor/laravel/framework/src/Illuminate/Cookie/Queue.php(47): Illuminate\Session\Middleware->handle(Object(Illuminate\Http\Request), 1, true)
#7 /home/amorales/Documents/Projects/carretilla_online/vendor/laravel/framework/src/Illuminate/Cookie/Guard.php(51): Illuminate\Cookie\Queue->handle(Object(Illuminate\Http\Request), 1, true)
#8 /home/amorales/Documents/Projects/carretilla_online/vendor/stack/builder/src/Stack/StackedHttpKernel.php(23): Illuminate\Cookie\Guard->handle(Object(Illuminate\Http\Request), 1, true)
#9 /home/amorales/Documents/Projects/carretilla_online/vendor/laravel/framework/src/Illuminate/Foundation/Application.php(641): Stack\StackedHttpKernel->handle(Object(Illuminate\Http\Request))
#10 /home/amorales/Documents/Projects/carretilla_online/public/index.php(49): Illuminate\Foundation\Application->run()
#11 {main} [] []
[2015-03-03 03:12:13] production.ERROR: exception 'Symfony\Component\HttpKernel\Exception\NotFoundHttpException' in /home/amorales/Documents/Projects/carretilla_online/vendor/laravel/framework/src/Illuminate/Routing/RouteCollection.php:148
Stack trace:
#0 /home/amorales/Documents/Projects/carretilla_online/vendor/laravel/framework/src/Illuminate/Routing/Router.php(1054): Illuminate\Routing\RouteCollection->match(Object(Illuminate\Http\Request))
#1 /home/amorales/Documents/Projects/carretilla_online/vendor/laravel/framework/src/Illuminate/Routing/Router.php(1022): Illuminate\Routing\Router->findRoute(Object(Illuminate\Http\Request))
#2 /home/amorales/Documents/Projects/carretilla_online/vendor/laravel/framework/src/Illuminate/Routing/Router.php(1001): Illuminate\Routing\Router->dispatchToRoute(Object(Illuminate\Http\Request))
#3 /home/amorales/Documents/Projects/carretilla_online/vendor/laravel/framework/src/Illuminate/Foundation/Application.php(775): Illuminate\Routing\Router->dispatch(Object(Illuminate\Http\Request))
#4 /home/amorales/Documents/Projects/carretilla_online/vendor/laravel/framework/src/Illuminate/Foundation/Application.php(745): Illuminate\Foundation\Application->dispatch(Object(Illuminate\Http\Request))
#5 /home/amorales/Documents/Projects/carretilla_online/vendor/laravel/framework/src/Illuminate/Session/Middleware.php(72): Illuminate\Foundation\Application->handle(Object(Illuminate\Http\Request), 1, true)
#6 /home/amorales/Documents/Projects/carretilla_online/vendor/laravel/framework/src/Illuminate/Cookie/Queue.php(47): Illuminate\Session\Middleware->handle(Object(Illuminate\Http\Request), 1, true)
#7 /home/amorales/Documents/Projects/carretilla_online/vendor/laravel/framework/src/Illuminate/Cookie/Guard.php(51): Illuminate\Cookie\Queue->handle(Object(Illuminate\Http\Request), 1, true)
#8 /home/amorales/Documents/Projects/carretilla_online/vendor/stack/builder/src/Stack/StackedHttpKernel.php(23): Illuminate\Cookie\Guard->handle(Object(Illuminate\Http\Request), 1, true)
#9 /home/amorales/Documents/Projects/carretilla_online/vendor/laravel/framework/src/Illuminate/Foundation/Application.php(641): Stack\StackedHttpKernel->handle(Object(Illuminate\Http\Request))
#10 /home/amorales/Documents/Projects/carretilla_online/public/index.php(49): Illuminate\Foundation\Application->run()
#11 {main} [] []
[2015-03-03 03:12:32] production.ERROR: exception 'ReflectionException' with message 'Class ProductController does not exist' in /home/amorales/Documents/Projects/carretilla_online/vendor/laravel/framework/src/Illuminate/Container/Container.php:504
Stack trace:
#0 /home/amorales/Documents/Projects/carretilla_online/vendor/laravel/framework/src/Illuminate/Container/Container.php(504): ReflectionClass->__construct('ProductControll...')
#1 /home/amorales/Documents/Projects/carretilla_online/vendor/laravel/framework/src/Illuminate/Container/Container.php(428): Illuminate\Container\Container->build('ProductControll...', Array)
#2 /home/amorales/Documents/Projects/carretilla_online/vendor/laravel/framework/src/Illuminate/Foundation/Application.php(462): Illuminate\Container\Container->make('ProductControll...', Array)
#3 /home/amorales/Documents/Projects/carretilla_online/vendor/laravel/framework/src/Illuminate/Routing/ControllerDispatcher.php(78): Illuminate\Foundation\Application->make('ProductControll...')
#4 /home/amorales/Documents/Projects/carretilla_online/vendor/laravel/framework/src/Illuminate/Routing/ControllerDispatcher.php(51): Illuminate\Routing\ControllerDispatcher->makeController('ProductControll...')
#5 /home/amorales/Documents/Projects/carretilla_online/vendor/laravel/framework/src/Illuminate/Routing/Router.php(967): Illuminate\Routing\ControllerDispatcher->dispatch(Object(Illuminate\Routing\Route), Object(Illuminate\Http\Request), 'ProductControll...', 'showProduct')
#6 [internal function]: Illuminate\Routing\Router->Illuminate\Routing\{closure}()
#7 /home/amorales/Documents/Projects/carretilla_online/vendor/laravel/framework/src/Illuminate/Routing/Route.php(109): call_user_func_array(Object(Closure), Array)
#8 /home/amorales/Documents/Projects/carretilla_online/vendor/laravel/framework/src/Illuminate/Routing/Router.php(1033): Illuminate\Routing\Route->run(Object(Illuminate\Http\Request))
#9 /home/amorales/Documents/Projects/carretilla_online/vendor/laravel/framework/src/Illuminate/Routing/Router.php(1001): Illuminate\Routing\Router->dispatchToRoute(Object(Illuminate\Http\Request))
#10 /home/amorales/Documents/Projects/carretilla_online/vendor/laravel/framework/src/Illuminate/Foundation/Application.php(775): Illuminate\Routing\Router->dispatch(Object(Illuminate\Http\Request))
#11 /home/amorales/Documents/Projects/carretilla_online/vendor/laravel/framework/src/Illuminate/Foundation/Application.php(745): Illuminate\Foundation\Application->dispatch(Object(Illuminate\Http\Request))
#12 /home/amorales/Documents/Projects/carretilla_online/vendor/laravel/framework/src/Illuminate/Session/Middleware.php(72): Illuminate\Foundation\Application->handle(Object(Illuminate\Http\Request), 1, true)
#13 /home/amorales/Documents/Projects/carretilla_online/vendor/laravel/framework/src/Illuminate/Cookie/Queue.php(47): Illuminate\Session\Middleware->handle(Object(Illuminate\Http\Request), 1, true)
#14 /home/amorales/Documents/Projects/carretilla_online/vendor/laravel/framework/src/Illuminate/Cookie/Guard.php(51): Illuminate\Cookie\Queue->handle(Object(Illuminate\Http\Request), 1, true)
#15 /home/amorales/Documents/Projects/carretilla_online/vendor/stack/builder/src/Stack/StackedHttpKernel.php(23): Illuminate\Cookie\Guard->handle(Object(Illuminate\Http\Request), 1, true)
#16 /home/amorales/Documents/Projects/carretilla_online/vendor/laravel/framework/src/Illuminate/Foundation/Application.php(641): Stack\StackedHttpKernel->handle(Object(Illuminate\Http\Request))
#17 /home/amorales/Documents/Projects/carretilla_online/public/index.php(49): Illuminate\Foundation\Application->run()
#18 {main} [] []
